#
# A fatal error has been detected by the Java Runtime Environment:
#
#  EXCEPTION_ACCESS_VIOLATION (0xc0000005) at pc=0x00007fffd07940fc, pid=13548, tid=10540
#
# JRE version: Java(TM) SE Runtime Environment (11.0.1+13) (build 11.0.1+13-LTS)
# Java VM: Java HotSpot(TM) 64-Bit Server VM (11.0.1+13-LTS, mixed mode, tiered, compressed oops, g1 gc, windows-amd64)
# Problematic frame:
# V  [jvm.dll+0x3440fc]
#
# No core dump will be written. Minidumps are not enabled by default on client versions of Windows
#
# If you would like to submit a bug report, please visit:
#   http://bugreport.java.com/bugreport/crash.jsp
#

---------------  S U M M A R Y ------------

Command Line: -agentlib:jdwp=transport=dt_socket,suspend=y,address=localhost:54911 -javaagent:C:\eclipse-jee-photon-R-win32-x86_64\eclipse\configuration\org.eclipse.osgi\418\0\.cp\lib\javaagent-shaded.jar -Dfile.encoding=Cp1252 curso.java.objetos.two.ClassePrincipal

Host: Intel(R) Core(TM) i7-7500U CPU @ 2.70GHz, 4 cores, 7G,  Windows 10 , 64 bit Build 19041 (10.0.19041.1706)
Time: Sat May 14 11:59:01 2022 Hora oficial do Brasil elapsed time: 57042 seconds (0d 15h 50m 42s)

---------------  T H R E A D  ---------------

Current thread (0x000002590579d800):  GCTaskThread "GC Thread#2" [stack: 0x0000005ded300000,0x0000005ded400000] [id=10540]

Stack: [0x0000005ded300000,0x0000005ded400000],  sp=0x0000005ded3fdb40,  free space=1014k
Native frames: (J=compiled Java code, j=interpreted, Vv=VM code, C=native code)
V  [jvm.dll+0x3440fc]
V  [jvm.dll+0x346606]
V  [jvm.dll+0x346f1e]
V  [jvm.dll+0x3443bc]
V  [jvm.dll+0x343662]
V  [jvm.dll+0x62b355]
V  [jvm.dll+0x62bc40]
V  [jvm.dll+0x5f0b89]
V  [jvm.dll+0x2e48d5]
V  [jvm.dll+0x2e4359]
V  [jvm.dll+0x73cdb7]
V  [jvm.dll+0x73d220]
V  [jvm.dll+0x32b8b5]
V  [jvm.dll+0x32b3b8]
V  [jvm.dll+0x2f7bd0]
V  [jvm.dll+0x7ab4e0]
V  [jvm.dll+0x63b2b2]
C  [ucrtbase.dll+0x21bb2]
C  [KERNEL32.DLL+0x17034]
C  [ntdll.dll+0x52651]

JavaThread 0x0000025963598800 (nid = 11836) was being processed
Java frames: (J=compiled Java code, j=interpreted, Vv=VM code)
j  curso.java.objetos.two.ClassePrincipal.main([Ljava/lang/String;)V+193
v  ~StubRoutines::call_stub

siginfo: EXCEPTION_ACCESS_VIOLATION (0xc0000005), reading address 0x0000000000000006


Register to memory mapping:

RIP=0x00007fffd07940fc jvm.dll
RAX=0x0 is NULL
RBX=0x0000005ded3fddc0 points into unknown readable memory
RCX=0x0 is NULL
RDX=0x0 is NULL
RSP=0x0000005ded3fdb40 points into unknown readable memory
RBP=0x0000000000000001 is an unknown value
RSI=0x0000000000000001 is an unknown value
RDI=0x00007fffd0ebee88 jvm.dll
R8 =0x0 is NULL
R9 =0x000002590297ec80 is pointing into metadata
R10=0x00007fffd0450000 jvm.dll
R11=0x0000005ded3fdba0 points into unknown readable memory
R12=0x0000025902d05aa8 points into unknown readable memory
R13=0x00000000000000c8 is an unknown value
R14=0x000002590297f5a2 is pointing into metadata
R15=0x00000000000001cf is an unknown value


Registers:
RAX=0x0000000000000000, RBX=0x0000005ded3fddc0, RCX=0x0000000000000000, RDX=0x0000000000000000
RSP=0x0000005ded3fdb40, RBP=0x0000000000000001, RSI=0x0000000000000001, RDI=0x00007fffd0ebee88
R8 =0x0000000000000000, R9 =0x000002590297ec80, R10=0x00007fffd0450000, R11=0x0000005ded3fdba0
R12=0x0000025902d05aa8, R13=0x00000000000000c8, R14=0x000002590297f5a2, R15=0x00000000000001cf
RIP=0x00007fffd07940fc, EFLAGS=0x0000000000010202

Top of Stack: (sp=0x0000005ded3fdb40)
0x0000005ded3fdb40:   0000005ded3fdb90 00007fffd0798408
0x0000005ded3fdb50:   0000025902d05aa8 00000000000001ce
0x0000005ded3fdb60:   000002590297f728 000002590579d800
0x0000005ded3fdb70:   000002590297f58f 8fffffff000000e6
0x0000005ded3fdb80:   00004c033ea14736 00004c033ea14726
0x0000005ded3fdb90:   000002590297f5a2 0000005ded3fdc20
0x0000005ded3fdba0:   0000005ded3fddc0 00007fffd0796606
0x0000005ded3fdbb0:   000002590297f594 000000000000010a
0x0000005ded3fdbc0:   0000000000000001 000002590297f58f
0x0000005ded3fdbd0:   0000005d0000010a 0000005ded3fdc50
0x0000005ded3fdbe0:   00000000000001cf 00000000000000b2
0x0000005ded3fdbf0:   00000000000000b2 00007fffd0796f1e
0x0000005ded3fdc00:   0000005ded3fddc0 0000005ded3fdc50
0x0000005ded3fdc10:   000002590297f5a2 6666666666666667
0x0000005ded3fdc20:   000002590297f728 000002590579d800
0x0000005ded3fdc30:   0000010d0000010a 000000b2000001cf 

Instructions: (pc=0x00007fffd07940fc)
0x00007fffd07940dc:   8b cf e8 bd 75 f1 ff 8b d0 48 8b cf e8 03 a6 f1
0x00007fffd07940ec:   ff 48 63 c8 48 8b 44 cf 40 48 8d 3d 8c ad 72 00
0x00007fffd07940fc:   0f b6 48 06 8b 05 7e ad 72 00 80 f9 4c 74 2b 80
0x00007fffd079410c:   f9 5b 74 26 80 f9 4a 74 18 80 f9 44 74 13 80 f9 



---------------  P R O C E S S  ---------------

Threads class SMR info:
_java_thread_list=0x0000025905503350, length=17, elements={
0x0000025963598800, 0x00000259021b1800, 0x00000259021bc800, 0x00000259021ce800,
0x00000259021cf000, 0x00000259021d3800, 0x00000259021da000, 0x00000259021dc800,
0x0000025902b90800, 0x0000025902cb3000, 0x0000025902c95000, 0x0000025902c98000,
0x0000025902da0000, 0x000002590340a800, 0x000002590338f800, 0x0000025905e6e000,
0x0000025903776000
}

Java Threads: ( => current thread )
  0x0000025963598800 JavaThread "main" [_thread_blocked, id=11836, stack(0x0000005debb00000,0x0000005debc00000)]
  0x00000259021b1800 JavaThread "Reference Handler" daemon [_thread_blocked, id=192, stack(0x0000005dec200000,0x0000005dec300000)]
  0x00000259021bc800 JavaThread "Finalizer" daemon [_thread_blocked, id=10832, stack(0x0000005dec300000,0x0000005dec400000)]
  0x00000259021ce800 JavaThread "Signal Dispatcher" daemon [_thread_blocked, id=1612, stack(0x0000005dec400000,0x0000005dec500000)]
  0x00000259021cf000 JavaThread "Attach Listener" daemon [_thread_blocked, id=15348, stack(0x0000005dec500000,0x0000005dec600000)]
  0x00000259021d3800 JavaThread "C2 CompilerThread0" daemon [_thread_blocked, id=68, stack(0x0000005dec600000,0x0000005dec700000)]
  0x00000259021da000 JavaThread "C1 CompilerThread0" daemon [_thread_blocked, id=1992, stack(0x0000005dec700000,0x0000005dec800000)]
  0x00000259021dc800 JavaThread "Sweeper thread" daemon [_thread_blocked, id=17320, stack(0x0000005dec800000,0x0000005dec900000)]
  0x0000025902b90800 JavaThread "Common-Cleaner" daemon [_thread_blocked, id=9712, stack(0x0000005dec900000,0x0000005deca00000)]
  0x0000025902cb3000 JavaThread "JDWP Transport Listener: dt_socket" daemon [_thread_blocked, id=10296, stack(0x0000005deca00000,0x0000005decb00000)]
  0x0000025902c95000 JavaThread "JDWP Event Helper Thread" daemon [_thread_blocked, id=14584, stack(0x0000005decb00000,0x0000005decc00000)]
  0x0000025902c98000 JavaThread "JDWP Command Reader" daemon [_thread_in_native, id=10984, stack(0x0000005decc00000,0x0000005decd00000)]
  0x0000025902da0000 JavaThread "Service Thread" daemon [_thread_blocked, id=3492, stack(0x0000005decd00000,0x0000005dece00000)]
  0x000002590340a800 JavaThread "Java2D Disposer" daemon [_thread_blocked, id=2684, stack(0x0000005decf00000,0x0000005ded000000)]
  0x000002590338f800 JavaThread "AWT-Windows" daemon [_thread_in_native, id=16984, stack(0x0000005ded100000,0x0000005ded200000)]
  0x0000025905e6e000 JavaThread "TimerQueue" daemon [_thread_blocked, id=2252, stack(0x0000005ded800000,0x0000005ded900000)]
  0x0000025903776000 JavaThread "AWT-Shutdown" [_thread_blocked, id=5300, stack(0x0000005deb800000,0x0000005deb900000)]

Other Threads:
  0x000002590218a000 VMThread "VM Thread" [stack: 0x0000005dec100000,0x0000005dec200000] [id=14864]
  0x0000025902da4800 WatcherThread [stack: 0x0000005dece00000,0x0000005decf00000] [id=16336]
  0x00000259635af000 GCTaskThread "GC Thread#0" [stack: 0x0000005debc00000,0x0000005debd00000] [id=8516]
  0x000002590579c800 GCTaskThread "GC Thread#1" [stack: 0x0000005ded200000,0x0000005ded300000] [id=14856]
=>0x000002590579d800 GCTaskThread "GC Thread#2" [stack: 0x0000005ded300000,0x0000005ded400000] [id=10540]
  0x000002590579e000 GCTaskThread "GC Thread#3" [stack: 0x0000005ded900000,0x0000005deda00000] [id=6644]
  0x00000259635de000 ConcurrentGCThread "G1 Main Marker" [stack: 0x0000005debd00000,0x0000005debe00000] [id=2900]
  0x00000259635df800 ConcurrentGCThread "G1 Conc#0" [stack: 0x0000005debe00000,0x0000005debf00000] [id=17396]
  0x0000025963670000 ConcurrentGCThread "G1 Refine#0" [stack: 0x0000005debf00000,0x0000005dec000000] [id=5464]
  0x0000025963671000 ConcurrentGCThread "G1 Young RemSet Sampling" [stack: 0x0000005dec000000,0x0000005dec100000] [id=8272]

Threads with active compile tasks:

VM state:at safepoint (normal execution)

VM Mutex/Monitor currently owned by a thread:  ([mutex/lock_event])
[0x00000259635942f0] Threads_lock - owner thread: 0x000002590218a000
[0x00000259635945c0] Heap_lock - owner thread: 0x0000025903776000

Heap address: 0x0000000081e00000, size: 2018 MB, Compressed Oops mode: 32-bit
Narrow klass base: 0x0000000000000000, Narrow klass shift: 3
Compressed class space size: 1073741824 Address: 0x0000000100000000

Heap:
 garbage-first heap   total 131072K, used 10394K [0x0000000081e00000, 0x0000000100000000)
  region size 1024K, 8 young (8192K), 1 survivors (1024K)
 Metaspace       used 19384K, capacity 19902K, committed 20096K, reserved 1067008K
  class space    used 1977K, capacity 2167K, committed 2176K, reserved 1048576K
Heap Regions: E=young(eden), S=young(survivor), O=old, HS=humongous(starts), HC=humongous(continues), CS=collection set, F=free, A=archive, TAMS=top-at-mark-start (previous, next)
|   0|0x0000000081e00000, 0x0000000081f00000, 0x0000000081f00000|100%| O|  |TAMS 0x0000000081e00000, 0x0000000081e00000| Untracked 
|   1|0x0000000081f00000, 0x0000000082000000, 0x0000000082000000|100%| O|  |TAMS 0x0000000081f00000, 0x0000000081f00000| Untracked 
|   2|0x0000000082000000, 0x0000000082100000, 0x0000000082100000|100%| O|  |TAMS 0x0000000082000000, 0x0000000082000000| Untracked 
|   3|0x0000000082100000, 0x0000000082133030, 0x0000000082200000| 19%| O|  |TAMS 0x0000000082100000, 0x0000000082100000| Untracked 
|   4|0x0000000082200000, 0x0000000082200000, 0x0000000082300000|  0%| F|  |TAMS 0x0000000082200000, 0x0000000082200000| Untracked 
|   5|0x0000000082300000, 0x0000000082300000, 0x0000000082400000|  0%| F|  |TAMS 0x0000000082300000, 0x0000000082300000| Untracked 
|   6|0x0000000082400000, 0x0000000082400000, 0x0000000082500000|  0%| F|  |TAMS 0x0000000082400000, 0x0000000082400000| Untracked 
|   7|0x0000000082500000, 0x0000000082500000, 0x0000000082600000|  0%| F|  |TAMS 0x0000000082500000, 0x0000000082500000| Untracked 
|   8|0x0000000082600000, 0x0000000082600000, 0x0000000082700000|  0%| F|  |TAMS 0x0000000082600000, 0x0000000082600000| Untracked 
|   9|0x0000000082700000, 0x0000000082700000, 0x0000000082800000|  0%| F|  |TAMS 0x0000000082700000, 0x0000000082700000| Untracked 
|  10|0x0000000082800000, 0x0000000082800000, 0x0000000082900000|  0%| F|  |TAMS 0x0000000082800000, 0x0000000082800000| Untracked 
|  11|0x0000000082900000, 0x0000000082900000, 0x0000000082a00000|  0%| F|  |TAMS 0x0000000082900000, 0x0000000082900000| Untracked 
|  12|0x0000000082a00000, 0x0000000082a00000, 0x0000000082b00000|  0%| F|  |TAMS 0x0000000082a00000, 0x0000000082a00000| Untracked 
|  13|0x0000000082b00000, 0x0000000082b00000, 0x0000000082c00000|  0%| F|  |TAMS 0x0000000082b00000, 0x0000000082b00000| Untracked 
|  14|0x0000000082c00000, 0x0000000082c00000, 0x0000000082d00000|  0%| F|  |TAMS 0x0000000082c00000, 0x0000000082c00000| Untracked 
|  15|0x0000000082d00000, 0x0000000082d00000, 0x0000000082e00000|  0%| F|  |TAMS 0x0000000082d00000, 0x0000000082d00000| Untracked 
|  16|0x0000000082e00000, 0x0000000082e00000, 0x0000000082f00000|  0%| F|  |TAMS 0x0000000082e00000, 0x0000000082e00000| Untracked 
|  17|0x0000000082f00000, 0x0000000082f00000, 0x0000000083000000|  0%| F|  |TAMS 0x0000000082f00000, 0x0000000082f00000| Untracked 
|  18|0x0000000083000000, 0x0000000083000000, 0x0000000083100000|  0%| F|  |TAMS 0x0000000083000000, 0x0000000083000000| Untracked 
|  19|0x0000000083100000, 0x0000000083100000, 0x0000000083200000|  0%| F|  |TAMS 0x0000000083100000, 0x0000000083100000| Untracked 
|  20|0x0000000083200000, 0x0000000083200000, 0x0000000083300000|  0%| F|  |TAMS 0x0000000083200000, 0x0000000083200000| Untracked 
|  21|0x0000000083300000, 0x0000000083300000, 0x0000000083400000|  0%| F|  |TAMS 0x0000000083300000, 0x0000000083300000| Untracked 
|  22|0x0000000083400000, 0x0000000083400000, 0x0000000083500000|  0%| F|  |TAMS 0x0000000083400000, 0x0000000083400000| Untracked 
|  23|0x0000000083500000, 0x0000000083500000, 0x0000000083600000|  0%| F|  |TAMS 0x0000000083500000, 0x0000000083500000| Untracked 
|  24|0x0000000083600000, 0x0000000083600000, 0x0000000083700000|  0%| F|  |TAMS 0x0000000083600000, 0x0000000083600000| Untracked 
|  25|0x0000000083700000, 0x0000000083700000, 0x0000000083800000|  0%| F|  |TAMS 0x0000000083700000, 0x0000000083700000| Untracked 
|  26|0x0000000083800000, 0x0000000083800000, 0x0000000083900000|  0%| F|  |TAMS 0x0000000083800000, 0x0000000083800000| Untracked 
|  27|0x0000000083900000, 0x0000000083900000, 0x0000000083a00000|  0%| F|  |TAMS 0x0000000083900000, 0x0000000083900000| Untracked 
|  28|0x0000000083a00000, 0x0000000083a00000, 0x0000000083b00000|  0%| F|  |TAMS 0x0000000083a00000, 0x0000000083a00000| Untracked 
|  29|0x0000000083b00000, 0x0000000083b00000, 0x0000000083c00000|  0%| F|  |TAMS 0x0000000083b00000, 0x0000000083b00000| Untracked 
|  30|0x0000000083c00000, 0x0000000083c00000, 0x0000000083d00000|  0%| F|  |TAMS 0x0000000083c00000, 0x0000000083c00000| Untracked 
|  31|0x0000000083d00000, 0x0000000083d00000, 0x0000000083e00000|  0%| F|  |TAMS 0x0000000083d00000, 0x0000000083d00000| Untracked 
|  32|0x0000000083e00000, 0x0000000083e00000, 0x0000000083f00000|  0%| F|  |TAMS 0x0000000083e00000, 0x0000000083e00000| Untracked 
|  33|0x0000000083f00000, 0x0000000083f00000, 0x0000000084000000|  0%| F|  |TAMS 0x0000000083f00000, 0x0000000083f00000| Untracked 
|  34|0x0000000084000000, 0x0000000084000000, 0x0000000084100000|  0%| F|  |TAMS 0x0000000084000000, 0x0000000084000000| Untracked 
|  35|0x0000000084100000, 0x0000000084100000, 0x0000000084200000|  0%| F|  |TAMS 0x0000000084100000, 0x0000000084100000| Untracked 
|  36|0x0000000084200000, 0x0000000084200000, 0x0000000084300000|  0%| F|  |TAMS 0x0000000084200000, 0x0000000084200000| Untracked 
|  37|0x0000000084300000, 0x0000000084300000, 0x0000000084400000|  0%| F|  |TAMS 0x0000000084300000, 0x0000000084300000| Untracked 
|  38|0x0000000084400000, 0x0000000084400000, 0x0000000084500000|  0%| F|  |TAMS 0x0000000084400000, 0x0000000084400000| Untracked 
|  39|0x0000000084500000, 0x0000000084500000, 0x0000000084600000|  0%| F|  |TAMS 0x0000000084500000, 0x0000000084500000| Untracked 
|  40|0x0000000084600000, 0x0000000084600000, 0x0000000084700000|  0%| F|  |TAMS 0x0000000084600000, 0x0000000084600000| Untracked 
|  41|0x0000000084700000, 0x0000000084700000, 0x0000000084800000|  0%| F|  |TAMS 0x0000000084700000, 0x0000000084700000| Untracked 
|  42|0x0000000084800000, 0x0000000084800000, 0x0000000084900000|  0%| F|  |TAMS 0x0000000084800000, 0x0000000084800000| Untracked 
|  43|0x0000000084900000, 0x0000000084900000, 0x0000000084a00000|  0%| F|  |TAMS 0x0000000084900000, 0x0000000084900000| Untracked 
|  44|0x0000000084a00000, 0x0000000084a00000, 0x0000000084b00000|  0%| F|  |TAMS 0x0000000084a00000, 0x0000000084a00000| Untracked 
|  45|0x0000000084b00000, 0x0000000084b00000, 0x0000000084c00000|  0%| F|  |TAMS 0x0000000084b00000, 0x0000000084b00000| Untracked 
|  46|0x0000000084c00000, 0x0000000084c00000, 0x0000000084d00000|  0%| F|  |TAMS 0x0000000084c00000, 0x0000000084c00000| Untracked 
|  47|0x0000000084d00000, 0x0000000084d00000, 0x0000000084e00000|  0%| F|  |TAMS 0x0000000084d00000, 0x0000000084d00000| Untracked 
|  48|0x0000000084e00000, 0x0000000084e00000, 0x0000000084f00000|  0%| F|  |TAMS 0x0000000084e00000, 0x0000000084e00000| Untracked 
|  49|0x0000000084f00000, 0x0000000084f00000, 0x0000000085000000|  0%| F|  |TAMS 0x0000000084f00000, 0x0000000084f00000| Untracked 
|  50|0x0000000085000000, 0x0000000085000000, 0x0000000085100000|  0%| F|  |TAMS 0x0000000085000000, 0x0000000085000000| Untracked 
|  51|0x0000000085100000, 0x0000000085100000, 0x0000000085200000|  0%| F|  |TAMS 0x0000000085100000, 0x0000000085100000| Untracked 
|  52|0x0000000085200000, 0x0000000085200000, 0x0000000085300000|  0%| F|  |TAMS 0x0000000085200000, 0x0000000085200000| Untracked 
|  53|0x0000000085300000, 0x0000000085300000, 0x0000000085400000|  0%| F|  |TAMS 0x0000000085300000, 0x0000000085300000| Untracked 
|  54|0x0000000085400000, 0x0000000085400000, 0x0000000085500000|  0%| F|  |TAMS 0x0000000085400000, 0x0000000085400000| Untracked 
|  55|0x0000000085500000, 0x0000000085500000, 0x0000000085600000|  0%| F|  |TAMS 0x0000000085500000, 0x0000000085500000| Untracked 
|  56|0x0000000085600000, 0x0000000085600000, 0x0000000085700000|  0%| F|  |TAMS 0x0000000085600000, 0x0000000085600000| Untracked 
|  57|0x0000000085700000, 0x0000000085700000, 0x0000000085800000|  0%| F|  |TAMS 0x0000000085700000, 0x0000000085700000| Untracked 
|  58|0x0000000085800000, 0x0000000085800000, 0x0000000085900000|  0%| F|  |TAMS 0x0000000085800000, 0x0000000085800000| Untracked 
|  59|0x0000000085900000, 0x0000000085900000, 0x0000000085a00000|  0%| F|  |TAMS 0x0000000085900000, 0x0000000085900000| Untracked 
|  60|0x0000000085a00000, 0x0000000085a00000, 0x0000000085b00000|  0%| F|  |TAMS 0x0000000085a00000, 0x0000000085a00000| Untracked 
|  61|0x0000000085b00000, 0x0000000085b00000, 0x0000000085c00000|  0%| F|  |TAMS 0x0000000085b00000, 0x0000000085b00000| Untracked 
|  62|0x0000000085c00000, 0x0000000085c00000, 0x0000000085d00000|  0%| F|  |TAMS 0x0000000085c00000, 0x0000000085c00000| Untracked 
|  63|0x0000000085d00000, 0x0000000085d00000, 0x0000000085e00000|  0%| F|  |TAMS 0x0000000085d00000, 0x0000000085d00000| Untracked 
|  64|0x0000000085e00000, 0x0000000085e00000, 0x0000000085f00000|  0%| F|  |TAMS 0x0000000085e00000, 0x0000000085e00000| Untracked 
|  65|0x0000000085f00000, 0x0000000085f00000, 0x0000000086000000|  0%| F|  |TAMS 0x0000000085f00000, 0x0000000085f00000| Untracked 
|  66|0x0000000086000000, 0x0000000086000000, 0x0000000086100000|  0%| F|  |TAMS 0x0000000086000000, 0x0000000086000000| Untracked 
|  67|0x0000000086100000, 0x0000000086100000, 0x0000000086200000|  0%| F|  |TAMS 0x0000000086100000, 0x0000000086100000| Untracked 
|  68|0x0000000086200000, 0x0000000086200000, 0x0000000086300000|  0%| F|  |TAMS 0x0000000086200000, 0x0000000086200000| Untracked 
|  69|0x0000000086300000, 0x0000000086300000, 0x0000000086400000|  0%| F|  |TAMS 0x0000000086300000, 0x0000000086300000| Untracked 
|  70|0x0000000086400000, 0x0000000086400000, 0x0000000086500000|  0%| F|  |TAMS 0x0000000086400000, 0x0000000086400000| Untracked 
|  71|0x0000000086500000, 0x0000000086500000, 0x0000000086600000|  0%| F|  |TAMS 0x0000000086500000, 0x0000000086500000| Untracked 
|  72|0x0000000086600000, 0x0000000086600000, 0x0000000086700000|  0%| F|  |TAMS 0x0000000086600000, 0x0000000086600000| Untracked 
|  73|0x0000000086700000, 0x0000000086700000, 0x0000000086800000|  0%| F|  |TAMS 0x0000000086700000, 0x0000000086700000| Untracked 
|  74|0x0000000086800000, 0x0000000086800000, 0x0000000086900000|  0%| F|  |TAMS 0x0000000086800000, 0x0000000086800000| Untracked 
|  75|0x0000000086900000, 0x0000000086900000, 0x0000000086a00000|  0%| F|  |TAMS 0x0000000086900000, 0x0000000086900000| Untracked 
|  76|0x0000000086a00000, 0x0000000086a00000, 0x0000000086b00000|  0%| F|  |TAMS 0x0000000086a00000, 0x0000000086a00000| Untracked 
|  77|0x0000000086b00000, 0x0000000086b00000, 0x0000000086c00000|  0%| F|  |TAMS 0x0000000086b00000, 0x0000000086b00000| Untracked 
|  78|0x0000000086c00000, 0x0000000086c00000, 0x0000000086d00000|  0%| F|  |TAMS 0x0000000086c00000, 0x0000000086c00000| Untracked 
|  79|0x0000000086d00000, 0x0000000086d00000, 0x0000000086e00000|  0%| F|  |TAMS 0x0000000086d00000, 0x0000000086d00000| Untracked 
|  80|0x0000000086e00000, 0x0000000086e00000, 0x0000000086f00000|  0%| F|  |TAMS 0x0000000086e00000, 0x0000000086e00000| Untracked 
|  81|0x0000000086f00000, 0x0000000086f00000, 0x0000000087000000|  0%| F|  |TAMS 0x0000000086f00000, 0x0000000086f00000| Untracked 
|  82|0x0000000087000000, 0x0000000087000000, 0x0000000087100000|  0%| F|  |TAMS 0x0000000087000000, 0x0000000087000000| Untracked 
|  83|0x0000000087100000, 0x0000000087100000, 0x0000000087200000|  0%| F|  |TAMS 0x0000000087100000, 0x0000000087100000| Untracked 
|  84|0x0000000087200000, 0x0000000087200000, 0x0000000087300000|  0%| F|  |TAMS 0x0000000087200000, 0x0000000087200000| Untracked 
|  85|0x0000000087300000, 0x0000000087300000, 0x0000000087400000|  0%| F|  |TAMS 0x0000000087300000, 0x0000000087300000| Untracked 
|  86|0x0000000087400000, 0x0000000087400000, 0x0000000087500000|  0%| F|  |TAMS 0x0000000087400000, 0x0000000087400000| Untracked 
|  87|0x0000000087500000, 0x0000000087500000, 0x0000000087600000|  0%| F|  |TAMS 0x0000000087500000, 0x0000000087500000| Untracked 
|  88|0x0000000087600000, 0x0000000087600000, 0x0000000087700000|  0%| F|  |TAMS 0x0000000087600000, 0x0000000087600000| Untracked 
|  89|0x0000000087700000, 0x0000000087700000, 0x0000000087800000|  0%| F|  |TAMS 0x0000000087700000, 0x0000000087700000| Untracked 
|  90|0x0000000087800000, 0x0000000087800000, 0x0000000087900000|  0%| F|  |TAMS 0x0000000087800000, 0x0000000087800000| Untracked 
|  91|0x0000000087900000, 0x0000000087900000, 0x0000000087a00000|  0%| F|  |TAMS 0x0000000087900000, 0x0000000087900000| Untracked 
|  92|0x0000000087a00000, 0x0000000087a00000, 0x0000000087b00000|  0%| F|  |TAMS 0x0000000087a00000, 0x0000000087a00000| Untracked 
|  93|0x0000000087b00000, 0x0000000087b00000, 0x0000000087c00000|  0%| F|  |TAMS 0x0000000087b00000, 0x0000000087b00000| Untracked 
|  94|0x0000000087c00000, 0x0000000087c00000, 0x0000000087d00000|  0%| F|  |TAMS 0x0000000087c00000, 0x0000000087c00000| Untracked 
|  95|0x0000000087d00000, 0x0000000087d00000, 0x0000000087e00000|  0%| F|  |TAMS 0x0000000087d00000, 0x0000000087d00000| Untracked 
|  96|0x0000000087e00000, 0x0000000087e00000, 0x0000000087f00000|  0%| F|  |TAMS 0x0000000087e00000, 0x0000000087e00000| Untracked 
|  97|0x0000000087f00000, 0x0000000087f00000, 0x0000000088000000|  0%| F|  |TAMS 0x0000000087f00000, 0x0000000087f00000| Untracked 
|  98|0x0000000088000000, 0x0000000088000000, 0x0000000088100000|  0%| F|  |TAMS 0x0000000088000000, 0x0000000088000000| Untracked 
|  99|0x0000000088100000, 0x0000000088100000, 0x0000000088200000|  0%| F|  |TAMS 0x0000000088100000, 0x0000000088100000| Untracked 
| 100|0x0000000088200000, 0x0000000088200000, 0x0000000088300000|  0%| F|  |TAMS 0x0000000088200000, 0x0000000088200000| Untracked 
| 101|0x0000000088300000, 0x0000000088300000, 0x0000000088400000|  0%| F|  |TAMS 0x0000000088300000, 0x0000000088300000| Untracked 
| 102|0x0000000088400000, 0x0000000088400000, 0x0000000088500000|  0%| F|  |TAMS 0x0000000088400000, 0x0000000088400000| Untracked 
| 103|0x0000000088500000, 0x0000000088500000, 0x0000000088600000|  0%| F|  |TAMS 0x0000000088500000, 0x0000000088500000| Untracked 
| 104|0x0000000088600000, 0x0000000088600000, 0x0000000088700000|  0%| F|  |TAMS 0x0000000088600000, 0x0000000088600000| Untracked 
| 105|0x0000000088700000, 0x0000000088700000, 0x0000000088800000|  0%| F|  |TAMS 0x0000000088700000, 0x0000000088700000| Untracked 
| 106|0x0000000088800000, 0x0000000088800000, 0x0000000088900000|  0%| F|  |TAMS 0x0000000088800000, 0x0000000088800000| Untracked 
| 107|0x0000000088900000, 0x0000000088900000, 0x0000000088a00000|  0%| F|  |TAMS 0x0000000088900000, 0x0000000088900000| Untracked 
| 108|0x0000000088a00000, 0x0000000088a00000, 0x0000000088b00000|  0%| F|  |TAMS 0x0000000088a00000, 0x0000000088a00000| Untracked 
| 109|0x0000000088b00000, 0x0000000088b00000, 0x0000000088c00000|  0%| F|  |TAMS 0x0000000088b00000, 0x0000000088b00000| Untracked 
| 110|0x0000000088c00000, 0x0000000088c00000, 0x0000000088d00000|  0%| F|  |TAMS 0x0000000088c00000, 0x0000000088c00000| Untracked 
| 111|0x0000000088d00000, 0x0000000088d00000, 0x0000000088e00000|  0%| F|  |TAMS 0x0000000088d00000, 0x0000000088d00000| Untracked 
| 112|0x0000000088e00000, 0x0000000088f00000, 0x0000000088f00000|100%| E|CS|TAMS 0x0000000088e00000, 0x0000000088e00000| Complete 
| 113|0x0000000088f00000, 0x0000000089000000, 0x0000000089000000|100%| E|CS|TAMS 0x0000000088f00000, 0x0000000088f00000| Complete 
| 114|0x0000000089000000, 0x0000000089000000, 0x0000000089100000|  0%| F|  |TAMS 0x0000000089000000, 0x0000000089000000| Untracked 
| 115|0x0000000089100000, 0x0000000089100000, 0x0000000089200000|  0%| F|  |TAMS 0x0000000089100000, 0x0000000089100000| Untracked 
| 116|0x0000000089200000, 0x0000000089200000, 0x0000000089300000|  0%| F|  |TAMS 0x0000000089200000, 0x0000000089200000| Untracked 
| 117|0x0000000089300000, 0x0000000089300000, 0x0000000089400000|  0%| F|  |TAMS 0x0000000089300000, 0x0000000089300000| Untracked 
| 118|0x0000000089400000, 0x0000000089400000, 0x0000000089500000|  0%| F|  |TAMS 0x0000000089400000, 0x0000000089400000| Untracked 
| 119|0x0000000089500000, 0x0000000089500000, 0x0000000089600000|  0%| F|  |TAMS 0x0000000089500000, 0x0000000089500000| Untracked 
| 120|0x0000000089600000, 0x0000000089642f18, 0x0000000089700000| 26%| S|  |TAMS 0x0000000089600000, 0x0000000089600000| Complete 
| 121|0x0000000089700000, 0x0000000089800000, 0x0000000089800000|100%| E|CS|TAMS 0x0000000089700000, 0x0000000089700000| Complete 
| 122|0x0000000089800000, 0x0000000089900000, 0x0000000089900000|100%| E|CS|TAMS 0x0000000089800000, 0x0000000089800000| Complete 
| 123|0x0000000089900000, 0x0000000089a00000, 0x0000000089a00000|100%| E|CS|TAMS 0x0000000089900000, 0x0000000089900000| Complete 
| 124|0x0000000089a00000, 0x0000000089b00000, 0x0000000089b00000|100%| E|CS|TAMS 0x0000000089a00000, 0x0000000089a00000| Complete 
| 125|0x0000000089b00000, 0x0000000089c00000, 0x0000000089c00000|100%| E|CS|TAMS 0x0000000089b00000, 0x0000000089b00000| Complete 
| 126|0x0000000089c00000, 0x0000000089d00000, 0x0000000089d00000|100%| E|CS|TAMS 0x0000000089c00000, 0x0000000089c00000| Complete 
| 127|0x0000000089d00000, 0x0000000089e00000, 0x0000000089e00000|100%| E|CS|TAMS 0x0000000089d00000, 0x0000000089d00000| Complete 

Card table byte_map: [0x000002597b320000,0x000002597b720000] _byte_map_base: 0x000002597af11000

Marking Bits (Prev, Next): (CMBitMap*) 0x00000259635d5738, (CMBitMap*) 0x00000259635d5770
 Prev Bits: [0x000002597bb20000, 0x000002597daa8000)
 Next Bits: [0x000002597dab0000, 0x000002597fa38000)

Polling page: 0x0000025963680000

Metaspace:

Usage:
  Non-class:     17.32 MB capacity,    17.00 MB ( 98%) used,   276.36 KB (  2%) free+waste,    51.13 KB ( <1%) overhead. 
      Class:      2.12 MB capacity,     1.93 MB ( 91%) used,   164.26 KB (  8%) free+waste,    25.69 KB (  1%) overhead. 
       Both:     19.44 MB capacity,    18.93 MB ( 97%) used,   440.62 KB (  2%) free+waste,    76.81 KB ( <1%) overhead. 

Virtual space:
  Non-class space:       18.00 MB reserved,      17.50 MB ( 97%) committed 
      Class space:        1.00 GB reserved,       2.13 MB ( <1%) committed 
             Both:        1.02 GB reserved,      19.63 MB (  2%) committed 

Chunk freelists:
   Non-Class:  7.13 KB
       Class:  1.13 KB
        Both:  8.25 KB

CodeHeap 'non-profiled nmethods': size=120064Kb used=620Kb max_used=620Kb free=119443Kb
 bounds [0x00000259733b0000, 0x0000025973620000, 0x000002597a8f0000]
CodeHeap 'profiled nmethods': size=120000Kb used=3864Kb max_used=3887Kb free=116135Kb
 bounds [0x000002596be80000, 0x000002596c250000, 0x00000259733b0000]
CodeHeap 'non-nmethods': size=5696Kb used=1306Kb max_used=1326Kb free=4389Kb
 bounds [0x000002596b8f0000, 0x000002596bb60000, 0x000002596be80000]
 total_blobs=2869 nmethods=1877 adapters=514
 compilation: enabled
              stopped_count=0, restarted_count=0
 full_count=0

Compilation events (10 events):
Event: 40489.761 Thread 0x00000259021da000 1991       3       java.util.concurrent.locks.AbstractQueuedSynchronizer::enq (37 bytes)
Event: 40489.774 Thread 0x00000259021da000 nmethod 1991 0x000002596c249390 code [0x000002596c249800, 0x000002596c24b650]
Event: 40489.774 Thread 0x00000259021da000 1992   !   3       java.awt.Toolkit::setDesktopProperty (81 bytes)
Event: 40489.776 Thread 0x00000259021da000 nmethod 1992 0x000002596c24c190 code [0x000002596c24c420, 0x000002596c24d410]
Event: 40494.343 Thread 0x00000259021d3800 1994       4       java.lang.StringLatin1::compareTo (52 bytes)
Event: 40494.356 Thread 0x00000259021d3800 nmethod 1994 0x000002597344a790 code [0x000002597344a920, 0x000002597344abf8]
Event: 40494.356 Thread 0x00000259021d3800 1995       4       java.util.HashMap::hash (20 bytes)
Event: 40494.357 Thread 0x00000259021d3800 nmethod 1995 0x000002597344ad90 code [0x000002597344af20, 0x000002597344afd8]
Event: 57041.387 Thread 0x00000259021da000 1996       1       java.lang.Thread::getThreadGroup (5 bytes)
Event: 57041.391 Thread 0x00000259021da000 nmethod 1996 0x000002597344b090 code [0x000002597344b240, 0x000002597344b358]

GC Heap History (3 events):
Event: 13.266 GC heap before
{Heap before GC invocations=0 (full 0):
 garbage-first heap   total 131072K, used 14336K [0x0000000081e00000, 0x0000000100000000)
  region size 1024K, 14 young (14336K), 0 survivors (0K)
 Metaspace       used 18520K, capacity 19034K, committed 19328K, reserved 1067008K
  class space    used 1948K, capacity 2134K, committed 2176K, reserved 1048576K
}
Event: 13.279 GC heap after
{Heap after GC invocations=1 (full 0):
 garbage-first heap   total 131072K, used 3226K [0x0000000081e00000, 0x0000000100000000)
  region size 1024K, 2 young (2048K), 2 survivors (2048K)
 Metaspace       used 18520K, capacity 19034K, committed 19328K, reserved 1067008K
  class space    used 1948K, capacity 2134K, committed 2176K, reserved 1048576K
}
Event: 57042.392 GC heap before
{Heap before GC invocations=1 (full 0):
 garbage-first heap   total 131072K, used 10394K [0x0000000081e00000, 0x0000000100000000)
  region size 1024K, 9 young (9216K), 2 survivors (2048K)
 Metaspace       used 19384K, capacity 19902K, committed 20096K, reserved 1067008K
  class space    used 1977K, capacity 2167K, committed 2176K, reserved 1048576K
}

Deoptimization events (10 events):
Event: 0.755 Thread 0x0000025963598800 Uncommon trap: reason=bimorphic_or_optimized_type_check action=maybe_recompile pc=0x00000259734040c4 method=java.util.HashMap.getNode(ILjava/lang/Object;)Ljava/util/HashMap$Node; @ 126 c2
Event: 0.764 Thread 0x0000025963598800 Uncommon trap: reason=bimorphic_or_optimized_type_check action=maybe_recompile pc=0x00000259734040c4 method=java.util.HashMap.getNode(ILjava/lang/Object;)Ljava/util/HashMap$Node; @ 126 c2
Event: 0.767 Thread 0x000002590338f800 Uncommon trap: reason=unstable_if action=reinterpret pc=0x00000259733ff748 method=java.util.HashMap.putVal(ILjava/lang/Object;Ljava/lang/Object;ZZ)Ljava/lang/Object; @ 81 c2
Event: 2.445 Thread 0x00000259057a5000 Uncommon trap: reason=bimorphic_or_optimized_type_check action=maybe_recompile pc=0x00000259734040c4 method=java.util.HashMap.getNode(ILjava/lang/Object;)Ljava/util/HashMap$Node; @ 126 c2
Event: 2.447 Thread 0x00000259057a5000 Uncommon trap: reason=class_check action=maybe_recompile pc=0x00000259733bac60 method=java.lang.String.equals(Ljava/lang/Object;)Z @ 8 c2
Event: 2.447 Thread 0x00000259057a5000 Uncommon trap: reason=class_check action=maybe_recompile pc=0x00000259733bac60 method=java.lang.String.equals(Ljava/lang/Object;)Z @ 8 c2
Event: 2.587 Thread 0x00000259057a5000 Uncommon trap: reason=class_check action=maybe_recompile pc=0x00000259733bac60 method=java.lang.String.equals(Ljava/lang/Object;)Z @ 8 c2
Event: 2.587 Thread 0x00000259057a5000 Uncommon trap: reason=class_check action=maybe_recompile pc=0x00000259733bac60 method=java.lang.String.equals(Ljava/lang/Object;)Z @ 8 c2
Event: 13.279 Thread 0x0000025963598800 Uncommon trap: reason=unstable_if action=reinterpret pc=0x0000025973429f68 method=java.lang.ref.SoftReference.get()Ljava/lang/Object; @ 17 c2
Event: 18.606 Thread 0x0000025963598800 Uncommon trap: reason=intrinsic_or_type_checked_inlining action=make_not_entrant pc=0x000002597343c04c method=java.util.Arrays.copyOf([Ljava/lang/Object;ILjava/lang/Class;)[Ljava/lang/Object; @ 35 c2

Classes redefined (10 events):
Event: 51901.881 Thread 0x000002590218a000 redefined class name=curso.java.objetos.two.ClassePrincipal, count=25
Event: 54155.437 Thread 0x000002590218a000 redefined class name=curso.java.objetos.two.ClassePrincipal, count=26
Event: 54226.710 Thread 0x000002590218a000 redefined class name=curso.java.objetos.two.ClassePrincipal, count=27
Event: 54394.525 Thread 0x000002590218a000 redefined class name=curso.java.objetos.two.ClassePrincipal, count=28
Event: 54404.241 Thread 0x000002590218a000 redefined class name=curso.java.objetos.two.ClassePrincipal, count=29
Event: 54472.780 Thread 0x000002590218a000 redefined class name=curso.java.objetos.two.ClassePrincipal, count=30
Event: 55002.298 Thread 0x000002590218a000 redefined class name=curso.java.objetos.two.ClassePrincipal, count=31
Event: 55061.139 Thread 0x000002590218a000 redefined class name=curso.java.objetos.two.ClassePrincipal, count=32
Event: 55074.264 Thread 0x000002590218a000 redefined class name=curso.java.objetos.two.ClassePrincipal, count=33
Event: 55154.705 Thread 0x000002590218a000 redefined class name=curso.java.objetos.two.ClassePrincipal, count=34

Internal exceptions (10 events):
Event: 0.560 Thread 0x0000025963598800 Exception <a 'java/lang/NoSuchMethodError'{0x00000000896a5ab0}: java.lang.invoke.DirectMethodHandle$Holder.invokeStatic(Ljava/lang/Object;ILjava/lang/Object;Ljava/lang/Object;Ljava/lang/Object;)Ljava/lang/Object;> (0x00000000896a5ab0) thrown at [t:/worksp
Event: 0.560 Thread 0x0000025963598800 Exception <a 'java/lang/NoSuchMethodError'{0x00000000896a95f0}: java.lang.invoke.DirectMethodHandle$Holder.invokeSpecial(Ljava/lang/Object;Ljava/lang/Object;ILjava/lang/Object;Ljava/lang/Object;Ljava/lang/Object;)Ljava/lang/Object;> (0x00000000896a95f0) t
Event: 0.599 Thread 0x0000025963598800 Exception <a 'java/lang/ClassNotFoundException'{0x0000000089576890}: com/sun/swing/internal/plaf/metal/resources/spi/metalProvider> (0x0000000089576890) thrown at [t:/workspace/open/src/hotspot/share/classfile/systemDictionary.cpp, line 231]
Event: 0.601 Thread 0x0000025963598800 Exception <a 'java/lang/ClassNotFoundException'{0x000000008957a990}: com/sun/swing/internal/plaf/basic/resources/spi/basicProvider> (0x000000008957a990) thrown at [t:/workspace/open/src/hotspot/share/classfile/systemDictionary.cpp, line 231]
Event: 0.610 Thread 0x0000025963598800 Exception <a 'java/lang/NoSuchMethodError'{0x00000000895b5430}: java.lang.invoke.DirectMethodHandle$Holder.invokeStatic(Ljava/lang/Object;Ljava/lang/Object;Ljava/lang/Object;Ljava/lang/Object;Ljava/lang/Object;Ljava/lang/Object;Ljava/lang/Object;Ljava/lan
Event: 0.612 Thread 0x0000025963598800 Exception <a 'java/lang/NoSuchMethodError'{0x00000000895d3328}: java.lang.invoke.DirectMethodHandle$Holder.invokeStatic(Ljava/lang/Object;Ljava/lang/Object;Ljava/lang/Object;Ljava/lang/Object;Ljava/lang/Object;Ljava/lang/Object;Ljava/lang/Object;Ljava/lan
Event: 0.614 Thread 0x0000025963598800 Exception <a 'java/lang/NoSuchMethodError'{0x00000000895f2300}: java.lang.invoke.DirectMethodHandle$Holder.invokeStatic(Ljava/lang/Object;Ljava/lang/Object;Ljava/lang/Object;Ljava/lang/Object;Ljava/lang/Object;Ljava/lang/Object;Ljava/lang/Object;Ljava/lan
Event: 0.616 Thread 0x0000025963598800 Exception <a 'java/lang/NoSuchMethodError'{0x0000000089412be8}: java.lang.invoke.DirectMethodHandle$Holder.invokeStatic(Ljava/lang/Object;Ljava/lang/Object;Ljava/lang/Object;Ljava/lang/Object;Ljava/lang/Object;Ljava/lang/Object;Ljava/lang/Object;Ljava/lan
Event: 0.782 Thread 0x0000025963598800 Exception <a 'java/lang/NoSuchMethodError'{0x0000000089264358}: java.lang.invoke.DirectMethodHandle$Holder.invokeStaticInit(Ljava/lang/Object;)V> (0x0000000089264358) thrown at [t:/workspace/open/src/hotspot/share/interpreter/linkResolver.cpp, line 772]
Event: 0.788 Thread 0x0000025963598800 Exception <a 'java/lang/NoSuchMethodError'{0x00000000892b2ed0}: java.lang.invoke.Invokers$Holder.linkToTargetMethod(Ljava/lang/Object;ILjava/lang/Object;)Ljava/lang/Object;> (0x00000000892b2ed0) thrown at [t:/workspace/open/src/hotspot/share/interpreter/l

Events (10 events):
Event: 56258.681 Thread 0x0000025903776000 Thread added: 0x0000025903776000
Event: 56259.682 Executing VM operation: RevokeBias
Event: 56259.682 Executing VM operation: RevokeBias done
Event: 56259.682 Thread 0x0000025903776000 Thread exited: 0x0000025903776000
Event: 56264.370 Thread 0x0000025903776000 Thread added: 0x0000025903776000
Event: 56265.381 Executing VM operation: RevokeBias
Event: 56265.381 Executing VM operation: RevokeBias done
Event: 56265.381 Thread 0x0000025903776000 Thread exited: 0x0000025903776000
Event: 57041.387 Thread 0x0000025903776000 Thread added: 0x0000025903776000
Event: 57042.392 Executing VM operation: G1CollectForAllocation


Dynamic libraries:
0x00007ff6a04a0000 - 0x00007ff6a04e7000 	C:\Program Files\Java\jdk-11.0.1\bin\javaw.exe
0x00007ff85f710000 - 0x00007ff85f905000 	C:\WINDOWS\SYSTEM32\ntdll.dll
0x00007ff85d850000 - 0x00007ff85d90d000 	C:\WINDOWS\System32\KERNEL32.DLL
0x00007ff85d150000 - 0x00007ff85d41d000 	C:\WINDOWS\System32\KERNELBASE.dll
0x00007ff85ef00000 - 0x00007ff85efae000 	C:\WINDOWS\System32\ADVAPI32.dll
0x00007ff85d9d0000 - 0x00007ff85da6e000 	C:\WINDOWS\System32\msvcrt.dll
0x00007ff85dc50000 - 0x00007ff85dcec000 	C:\WINDOWS\System32\sechost.dll
0x00007ff85efb0000 - 0x00007ff85f0d5000 	C:\WINDOWS\System32\RPCRT4.dll
0x00007ff85deb0000 - 0x00007ff85e050000 	C:\WINDOWS\System32\USER32.dll
0x00007ff85d0b0000 - 0x00007ff85d0d2000 	C:\WINDOWS\System32\win32u.dll
0x00007ff85dd50000 - 0x00007ff85dd7a000 	C:\WINDOWS\System32\GDI32.dll
0x00007ff85cf50000 - 0x00007ff85d05b000 	C:\WINDOWS\System32\gdi32full.dll
0x00007ff85d420000 - 0x00007ff85d4bd000 	C:\WINDOWS\System32\msvcp_win.dll
0x00007ff85ce50000 - 0x00007ff85cf50000 	C:\WINDOWS\System32\ucrtbase.dll
0x00007ff84a2c0000 - 0x00007ff84a55a000 	C:\WINDOWS\WinSxS\amd64_microsoft.windows.common-controls_6595b64144ccf1df_6.0.19041.1110_none_60b5254171f9507e\COMCTL32.dll
0x00007ff8550b0000 - 0x00007ff8550ba000 	C:\WINDOWS\SYSTEM32\VERSION.dll
0x00007ff85d820000 - 0x00007ff85d850000 	C:\WINDOWS\System32\IMM32.DLL
0x00007ff858b70000 - 0x00007ff858b86000 	C:\Program Files\Java\jdk-11.0.1\bin\vcruntime140.dll
0x00007ff82edd0000 - 0x00007ff82ee7a000 	C:\Program Files\Java\jdk-11.0.1\bin\msvcp140.dll
0x00007fffd0450000 - 0x00007fffd0f92000 	C:\Program Files\Java\jdk-11.0.1\bin\server\jvm.dll
0x00007ff85d910000 - 0x00007ff85d918000 	C:\WINDOWS\System32\PSAPI.DLL
0x00007ff8135e0000 - 0x00007ff8135e9000 	C:\WINDOWS\SYSTEM32\WSOCK32.dll
0x00007ff85f140000 - 0x00007ff85f1ab000 	C:\WINDOWS\System32\WS2_32.dll
0x00007ff852d80000 - 0x00007ff852da7000 	C:\WINDOWS\SYSTEM32\WINMM.dll
0x00007ff85ad20000 - 0x00007ff85ad32000 	C:\WINDOWS\SYSTEM32\kernel.appcore.dll
0x00007ff851f30000 - 0x00007ff851f41000 	C:\Program Files\Java\jdk-11.0.1\bin\verify.dll
0x00007ff8421e0000 - 0x00007ff8423c4000 	C:\WINDOWS\SYSTEM32\DBGHELP.DLL
0x00007ff83b440000 - 0x00007ff83b46c000 	C:\WINDOWS\SYSTEM32\dbgcore.DLL
0x00007ff85d620000 - 0x00007ff85d6a2000 	C:\WINDOWS\System32\bcryptPrimitives.dll
0x00007ff851f00000 - 0x00007ff851f29000 	C:\Program Files\Java\jdk-11.0.1\bin\java.dll
0x00007ff851e10000 - 0x00007ff851e47000 	C:\Program Files\Java\jdk-11.0.1\bin\jdwp.dll
0x00007ff84fa80000 - 0x00007ff84faaf000 	C:\Program Files\Java\jdk-11.0.1\bin\instrument.dll
0x00007ff83ac70000 - 0x00007ff83ac86000 	C:\Program Files\Java\jdk-11.0.1\bin\zip.dll
0x00007ff858b50000 - 0x00007ff858b5a000 	C:\Program Files\Java\jdk-11.0.1\bin\jimage.dll
0x00007ff85e050000 - 0x00007ff85e794000 	C:\WINDOWS\System32\SHELL32.dll
0x00007ff85af20000 - 0x00007ff85b6b4000 	C:\WINDOWS\SYSTEM32\windows.storage.dll
0x00007ff85eba0000 - 0x00007ff85eef4000 	C:\WINDOWS\System32\combase.dll
0x00007ff85c880000 - 0x00007ff85c8ac000 	C:\WINDOWS\SYSTEM32\Wldp.dll
0x00007ff85d920000 - 0x00007ff85d9cd000 	C:\WINDOWS\System32\SHCORE.dll
0x00007ff85f0e0000 - 0x00007ff85f135000 	C:\WINDOWS\System32\shlwapi.dll
0x00007ff85cd60000 - 0x00007ff85cd7f000 	C:\WINDOWS\SYSTEM32\profapi.dll
0x00007ff858b40000 - 0x00007ff858b4a000 	C:\Program Files\Java\jdk-11.0.1\bin\dt_socket.dll
0x00007ff85c5e0000 - 0x00007ff85c64a000 	C:\WINDOWS\System32\mswsock.dll
0x00007ff85c2d0000 - 0x00007ff85c39b000 	C:\WINDOWS\SYSTEM32\DNSAPI.dll
0x00007ff85c280000 - 0x00007ff85c2bb000 	C:\WINDOWS\SYSTEM32\IPHLPAPI.DLL
0x00007ff85f6c0000 - 0x00007ff85f6c8000 	C:\WINDOWS\System32\NSI.dll
0x00007ff849ca0000 - 0x00007ff849d20000 	C:\WINDOWS\System32\fwpuclnt.dll
0x00007ff85ce20000 - 0x00007ff85ce47000 	C:\WINDOWS\System32\bcrypt.dll
0x00007ff849910000 - 0x00007ff84991a000 	C:\Windows\System32\rasadhlp.dll
0x00007ff839cd0000 - 0x00007ff839ce9000 	C:\Program Files\Java\jdk-11.0.1\bin\net.dll
0x00007ff853840000 - 0x00007ff85394a000 	C:\WINDOWS\SYSTEM32\WINHTTP.dll
0x00007ff837240000 - 0x00007ff837253000 	C:\Program Files\Java\jdk-11.0.1\bin\nio.dll
0x00007ff814a60000 - 0x00007ff814bff000 	C:\Program Files\Java\jdk-11.0.1\bin\awt.dll
0x00007ff85da90000 - 0x00007ff85db5d000 	C:\WINDOWS\System32\OLEAUT32.dll
0x00007ff859440000 - 0x00007ff859a00000 	C:\WINDOWS\SYSTEM32\d2d1.dll
0x00007ff85a740000 - 0x00007ff85a7d0000 	C:\WINDOWS\SYSTEM32\apphelp.dll
0x00007ff85a840000 - 0x00007ff85a8de000 	C:\WINDOWS\system32\uxtheme.dll
0x00007ff85e820000 - 0x00007ff85e935000 	C:\WINDOWS\System32\MSCTF.dll
0x00007ff85dd80000 - 0x00007ff85deaa000 	C:\WINDOWS\System32\ole32.dll
0x00007ff85ab40000 - 0x00007ff85ab6f000 	C:\WINDOWS\system32\DWMAPI.DLL
0x00007ff833660000 - 0x00007ff8336e0000 	C:\Program Files\Java\jdk-11.0.1\bin\freetype.dll
0x00007ff82eed0000 - 0x00007ff82ef3f000 	C:\Program Files\Java\jdk-11.0.1\bin\fontmanager.dll
0x00007ff856f10000 - 0x00007ff857036000 	C:\WINDOWS\system32\opengl32.dll
0x00007ff858120000 - 0x00007ff85814c000 	C:\WINDOWS\SYSTEM32\GLU32.dll
0x00007ff85e940000 - 0x00007ff85e9e9000 	C:\WINDOWS\System32\clbcatq.dll
0x00007ff853fe0000 - 0x00007ff854194000 	C:\WINDOWS\SYSTEM32\WindowsCodecs.dll
0x00007ff8232a0000 - 0x00007ff8232de000 	C:\WINDOWS\system32\dataexchange.dll
0x00007ff859ba0000 - 0x00007ff859d85000 	C:\WINDOWS\system32\dcomp.dll
0x00007ff8591d0000 - 0x00007ff859434000 	C:\WINDOWS\system32\d3d11.dll
0x00007ff85b720000 - 0x00007ff85b813000 	C:\WINDOWS\system32\dxgi.dll
0x00007ff8554f0000 - 0x00007ff8556f1000 	C:\WINDOWS\system32\twinapi.appcore.dll
0x00007ff84f120000 - 0x00007ff84f219000 	C:\WINDOWS\SYSTEM32\textinputframework.dll
0x00007ff85a470000 - 0x00007ff85a562000 	C:\WINDOWS\System32\CoreMessaging.dll
0x00007ff85a110000 - 0x00007ff85a46e000 	C:\WINDOWS\System32\CoreUIComponents.dll
0x00007ff85bb20000 - 0x00007ff85bb53000 	C:\WINDOWS\SYSTEM32\ntmarta.dll
0x00007ff859a40000 - 0x00007ff859b94000 	C:\WINDOWS\SYSTEM32\wintypes.dll

dbghelp: loaded successfully - version: 4.0.5 - missing functions: none
symbol engine: initialized successfully - sym options: 0x614 - pdb path: .;C:\Program Files\Java\jdk-11.0.1\bin;C:\WINDOWS\SYSTEM32;C:\WINDOWS\WinSxS\amd64_microsoft.windows.common-controls_6595b64144ccf1df_6.0.19041.1110_none_60b5254171f9507e;C:\Program Files\Java\jdk-11.0.1\bin\server

VM Arguments:
jvm_args: -agentlib:jdwp=transport=dt_socket,suspend=y,address=localhost:54911 -javaagent:C:\eclipse-jee-photon-R-win32-x86_64\eclipse\configuration\org.eclipse.osgi\418\0\.cp\lib\javaagent-shaded.jar -Dfile.encoding=Cp1252 
java_command: curso.java.objetos.two.ClassePrincipal
java_class_path (initial): C:\Users\ander\git\repository7\github.com\andersonlenzjava\programa-java-objetos-2.git\programa java objetos 2\bin
Launcher Type: SUN_STANDARD

[Global flags]
     intx CICompilerCount                          = 3                                         {product} {ergonomic}
     uint ConcGCThreads                            = 1                                         {product} {ergonomic}
     uint G1ConcRefinementThreads                  = 4                                         {product} {ergonomic}
   size_t G1HeapRegionSize                         = 1048576                                   {product} {ergonomic}
    uintx GCDrainStackTargetSize                   = 64                                        {product} {ergonomic}
   size_t InitialHeapSize                          = 134217728                                 {product} {ergonomic}
   size_t MarkStackSize                            = 4194304                                   {product} {ergonomic}
   size_t MaxHeapSize                              = 2116026368                                {product} {ergonomic}
   size_t MaxNewSize                               = 1268776960                                {product} {ergonomic}
   size_t MinHeapDeltaBytes                        = 1048576                                   {product} {ergonomic}
    uintx NonNMethodCodeHeapSize                   = 5830092                                {pd product} {ergonomic}
    uintx NonProfiledCodeHeapSize                  = 122914074                              {pd product} {ergonomic}
    uintx ProfiledCodeHeapSize                     = 122914074                              {pd product} {ergonomic}
    uintx ReservedCodeCacheSize                    = 251658240                              {pd product} {ergonomic}
     bool SegmentedCodeCache                       = true                                      {product} {ergonomic}
     bool UseCompressedClassPointers               = true                                 {lp64_product} {ergonomic}
     bool UseCompressedOops                        = true                                 {lp64_product} {ergonomic}
     bool UseG1GC                                  = true                                      {product} {ergonomic}
     bool UseLargePagesIndividualAllocation        = false                                  {pd product} {ergonomic}

Logging:
Log output configuration:
 #0: stdout all=warning uptime,level,tags
 #1: stderr all=off uptime,level,tags

Environment Variables:
JAVA_HOME=C:\Program Files\Java\jdk-11.0.1
JRE_HOME=C:\Program Files\Java\jdk-11.0.1
CLASSPATH=.;C:\Program Files\Java\jdk-11.0.1\lib;
PATH=C:/Program Files/Java/jdk-11.0.1/bin/server;C:/Program Files/Java/jdk-11.0.1/bin;C:\Program Files\Java\jdk-11.0.1\bin;C:\Program Files (x86)\NVIDIA Corporation\PhysX\Common;C:\WINDOWS\system32;C:\WINDOWS;C:\WINDOWS\System32\Wbem;C:\WINDOWS\System32\WindowsPowerShell\v1.0\;C:\WINDOWS\System32\OpenSSH\;C:\Program Files\Microsoft SQL Server\Client SDK\ODBC\110\Tools\Binn\;C:\Program Files (x86)\Microsoft SQL Server\120\Tools\Binn\;C:\Program Files\Microsoft SQL Server\120\Tools\Binn\;C:\Program Files\Microsoft SQL Server\120\DTS\Binn\;C:\Program Files (x86)\Windows Kits\8.1\Windows Performance Toolkit\;C:\WINDOWS\Homag;C:\Program Files\Java\jdk-11.0.1\bin;C:\Users\ander\AppData\Local\Microsoft\WindowsApps;;C:\eclipse-jee-photon-R-win32-x86_64\eclipse;
USERNAME=ander
OS=Windows_NT
PROCESSOR_IDENTIFIER=Intel64 Family 6 Model 142 Stepping 9, GenuineIntel



---------------  S Y S T E M  ---------------

OS: Windows 10 , 64 bit Build 19041 (10.0.19041.1706)

CPU:total 4 (initial active 4) (2 cores per cpu, 2 threads per core) family 6 model 142 stepping 9, cmov, cx8, fxsr, mmx, sse, sse2, sse3, ssse3, sse4.1, sse4.2, popcnt, avx, avx2, aes, clmul, erms, 3dnowpref, lzcnt, ht, tsc, tscinvbit, bmi1, bmi2, adx, fma

Memory: 4k page, system-wide physical 8067M (1229M free)
TotalPageFile size 16771M (AvailPageFile size 4538M)
current process WorkingSet (physical memory assigned to process): 56M, peak: 89M
current process commit charge ("private bytes"): 223M, peak: 232M

vm_info: Java HotSpot(TM) 64-Bit Server VM (11.0.1+13-LTS) for windows-amd64 JRE (11.0.1+13-LTS), built on Oct  6 2018 13:20:16 by "mach5one" with MS VC++ 15.5 (VS2017)

END.
